Using pre-set license
Built from '6000.0/staging' branch; Version is '6000.0.38f1 (82314a941f2d) revision 8532298'; Using compiler version '193933523'; Build Type 'Release'
OS: 'Windows 11  (10.0.26100) 64bit Core' Language: 'zh' Physical Memory: 63081 MB
BatchMode: 1, IsHumanControllingUs: 0, StartBugReporterOnCrash: 0, Is64bit: 1, IsPro: 1

COMMAND LINE ARGUMENTS:
F:\UnityEditor\6000.0.38f1\Editor\Unity.exe
-adb2
-batchMode
-noUpm
-name
AssetImportWorker4
-projectPath
F:/UnityProject/PurrfectTank
-logFile
Logs/AssetImportWorker4.log
-srvPort
55724
-job-worker-count
7
-background-job-worker-count
8
-gc-helper-count
1
Successfully changed project path to: F:/UnityProject/PurrfectTank
F:/UnityProject/PurrfectTank
[UnityMemory] Configuration Parameters - Can be set up in boot.config
    "memorysetup-bucket-allocator-granularity=16"
    "memorysetup-bucket-allocator-bucket-count=8"
    "memorysetup-bucket-allocator-block-size=33554432"
    "memorysetup-bucket-allocator-block-count=8"
    "memorysetup-main-allocator-block-size=16777216"
    "memorysetup-thread-allocator-block-size=16777216"
    "memorysetup-gfx-main-allocator-block-size=16777216"
    "memorysetup-gfx-thread-allocator-block-size=16777216"
    "memorysetup-cache-allocator-block-size=4194304"
    "memorysetup-typetree-allocator-block-size=2097152"
    "memorysetup-profiler-bucket-allocator-granularity=16"
    "memorysetup-profiler-bucket-allocator-bucket-count=8"
    "memorysetup-profiler-bucket-allocator-block-size=33554432"
    "memorysetup-profiler-bucket-allocator-block-count=8"
    "memorysetup-profiler-allocator-block-size=16777216"
    "memorysetup-profiler-editor-allocator-block-size=1048576"
    "memorysetup-temp-allocator-size-main=16777216"
    "memorysetup-job-temp-allocator-block-size=2097152"
    "memorysetup-job-temp-allocator-block-size-background=1048576"
    "memorysetup-job-temp-allocator-reduction-small-platforms=262144"
    "memorysetup-allocator-temp-initial-block-size-main=262144"
    "memorysetup-allocator-temp-initial-block-size-worker=262144"
    "memorysetup-temp-allocator-size-background-worker=32768"
    "memorysetup-temp-allocator-size-job-worker=262144"
    "memorysetup-temp-allocator-size-preload-manager=33554432"
    "memorysetup-temp-allocator-size-nav-mesh-worker=65536"
    "memorysetup-temp-allocator-size-audio-worker=65536"
    "memorysetup-temp-allocator-size-cloud-worker=32768"
    "memorysetup-temp-allocator-size-gi-baking-worker=262144"
    "memorysetup-temp-allocator-size-gi-baking-worker=262144"
    "memorysetup-temp-allocator-size-gi-baking-worker=262144"
    "memorysetup-temp-allocator-size-gi-baking-worker=262144"
    "memorysetup-temp-allocator-size-gi-baking-worker=262144"
    "memorysetup-temp-allocator-size-gfx=262144"
Player connection [20228]  Target information:

Player connection [20228]  * "[IP] 192.168.50.87 [Port] 0 [Flags] 2 [Guid] 1137697223 [EditorId] 1137697223 [Version] 1048832 [Id] WindowsEditor(7,LeoDesktop) [Debug] 1 [PackageName] WindowsEditor [ProjectName] Editor" 

Player connection [20228] Host joined multi-casting on [225.0.0.222:54997]...
Player connection [20228] Host joined alternative multi-casting on [225.0.0.222:34997]...
JobSystem: Creating JobQueue using job-worker-count value 7
Input System module state changed to: Initialized.
[Physics::Module] Initialized fallback backend.
[Physics::Module] Id: 0xdecafbad
Library Redirect Path: Library/
[Physics::Module] Selected backend.
[Physics::Module] Name: PhysX
[Physics::Module] Id: 0xf2b8ea05
[Physics::Module] SDK Version: 4.1.2
[Physics::Module] Integration Version: 1.0.0
[Physics::Module] Threading Mode: Multi-Threaded
Refreshing native plugins compatible for Editor in 0.64 ms, found 3 plugins.
Preloading 0 native plugins for Editor in 0.00 ms.
Initialize engine version: 6000.0.38f1 (82314a941f2d)
[Subsystems] Discovering subsystems at path F:/UnityEditor/6000.0.38f1/Editor/Data/Resources/UnitySubsystems
[Subsystems] Discovering subsystems at path F:/UnityProject/PurrfectTank/Assets
GfxDevice: creating device client; kGfxThreadingModeNonThreaded
Direct3D:
    Version:  Direct3D 11.0 [level 11.1]
    Renderer: AMD Radeon RX 7900 XTX (ID=0x744c)
    Vendor:   ATI
    VRAM:     24491 MB
    Driver:   32.0.13031.3015
Initialize mono
Mono path[0] = 'F:/UnityEditor/6000.0.38f1/Editor/Data/Managed'
Mono path[1] = 'F:/UnityEditor/6000.0.38f1/Editor/Data/MonoBleedingEdge/lib/mono/unityjit-win32'
Mono config path = 'F:/UnityEditor/6000.0.38f1/Editor/Data/MonoBleedingEdge/etc'
Using monoOptions --debugger-agent=transport=dt_socket,embedding=1,server=y,suspend=n,address=127.0.0.1:56668
Begin MonoManager ReloadAssembly
Registering precompiled unity dll's ...
Register platform support module: F:/UnityEditor/6000.0.38f1/Editor/Data/PlaybackEngines/WebGLSupport/UnityEditor.WebGL.Extensions.dll
Register platform support module: F:/UnityEditor/6000.0.38f1/Editor/Data/PlaybackEngines/WindowsStandaloneSupport/UnityEditor.WindowsStandalone.Extensions.dll
Register platform support module: F:/UnityEditor/6000.0.38f1/Editor/Data/PlaybackEngines/MetroSupport/UnityEditor.UWP.Extensions.dll
Register platform support module: F:/UnityEditor/6000.0.38f1/Editor/Data/PlaybackEngines/AndroidPlayer/UnityEditor.Android.Extensions.dll
Registered in 0.002494 seconds.
- Loaded All Assemblies, in  0.213 seconds
Native extension for Android target not found
Android Extension - Scanning For ADB Devices 189 ms
Native extension for UWP target not found
Native extension for WindowsStandalone target not found
Native extension for WebGL target not found
Mono: successfully reloaded assembly
- Finished resetting the current domain, in  0.396 seconds
Domain Reload Profiling: 609ms
	BeginReloadAssembly (65ms)
		ExecutionOrderSort (0ms)
		DisableScriptedObjects (0ms)
		BackupInstance (0ms)
		ReleaseScriptingObjects (0ms)
		CreateAndSetChildDomain (0ms)
	RebuildCommonClasses (24ms)
	RebuildNativeTypeToScriptingClass (7ms)
	initialDomainReloadingComplete (27ms)
	LoadAllAssembliesAndSetupDomain (91ms)
		LoadAssemblies (65ms)
		RebuildTransferFunctionScriptingTraits (0ms)
		AnalyzeDomain (89ms)
			TypeCache.Refresh (88ms)
				TypeCache.ScanAssembly (80ms)
			BuildScriptInfoCaches (0ms)
			ResolveRequiredComponents (0ms)
	FinalizeReload (396ms)
		ReleaseScriptCaches (0ms)
		RebuildScriptCaches (0ms)
		SetupLoadedEditorAssemblies (370ms)
			LogAssemblyErrors (0ms)
			InitializePlatformSupportModulesInManaged (247ms)
			SetLoadedEditorAssemblies (2ms)
			BeforeProcessingInitializeOnLoad (28ms)
			ProcessInitializeOnLoadAttributes (64ms)
			ProcessInitializeOnLoadMethodAttributes (29ms)
			AfterProcessingInitializeOnLoad (0ms)
			EditorAssembliesLoaded (0ms)
		ExecutionOrderSort2 (0ms)
		AwakeInstancesAfterBackupRestoration (0ms)
========================================================================
Worker process is ready to serve import requests
Import Worker Mode flag is 0x00
Begin MonoManager ReloadAssembly
- Loaded All Assemblies, in  0.328 seconds
Refreshing native plugins compatible for Editor in 0.46 ms, found 3 plugins.
Native extension for Android target not found
Native extension for UWP target not found
Native extension for WindowsStandalone target not found
Native extension for WebGL target not found
Mono: successfully reloaded assembly
- Finished resetting the current domain, in  0.297 seconds
Domain Reload Profiling: 624ms
	BeginReloadAssembly (88ms)
		ExecutionOrderSort (0ms)
		DisableScriptedObjects (3ms)
		BackupInstance (0ms)
		ReleaseScriptingObjects (0ms)
		CreateAndSetChildDomain (20ms)
	RebuildCommonClasses (20ms)
	RebuildNativeTypeToScriptingClass (7ms)
	initialDomainReloadingComplete (18ms)
	LoadAllAssembliesAndSetupDomain (195ms)
		LoadAssemblies (131ms)
		RebuildTransferFunctionScriptingTraits (0ms)
		AnalyzeDomain (112ms)
			TypeCache.Refresh (91ms)
				TypeCache.ScanAssembly (82ms)
			BuildScriptInfoCaches (16ms)
			ResolveRequiredComponents (3ms)
	FinalizeReload (297ms)
		ReleaseScriptCaches (0ms)
		RebuildScriptCaches (0ms)
		SetupLoadedEditorAssemblies (229ms)
			LogAssemblyErrors (0ms)
			InitializePlatformSupportModulesInManaged (7ms)
			SetLoadedEditorAssemblies (2ms)
			BeforeProcessingInitializeOnLoad (39ms)
			ProcessInitializeOnLoadAttributes (167ms)
			ProcessInitializeOnLoadMethodAttributes (14ms)
			AfterProcessingInitializeOnLoad (1ms)
			EditorAssembliesLoaded (0ms)
		ExecutionOrderSort2 (0ms)
		AwakeInstancesAfterBackupRestoration (3ms)
Launched and connected shader compiler UnityShaderCompiler.exe after 0.01 seconds
Refreshing native plugins compatible for Editor in 0.35 ms, found 3 plugins.
Preloading 0 native plugins for Editor in 0.00 ms.
Unloading 8 Unused Serialized files (Serialized files now loaded: 0)
Unloading 3828 unused Assets / (0.9 MB). Loaded Objects now: 4338.
Memory consumption went from 93.9 MB to 93.0 MB.
Total: 4.370400 ms (FindLiveObjects: 0.321400 ms CreateObjectMapping: 0.088600 ms MarkObjects: 3.328200 ms  DeleteObjects: 0.631300 ms)

========================================================================
Received Import Request.
  Time since last request: 45702.049349 seconds.
  path: Assets/Kawaii_Tanks_Project (Free)/Meshes/SD_Firefly/Materials/SD_Firefly_Base.png
  artifactKey: Guid(b431b8047b279b942a22f98c84d0a325) Importer(815301076,1909f56bfc062723c751e8b465ee728b)
Start importing Assets/Kawaii_Tanks_Project (Free)/Meshes/SD_Firefly/Materials/SD_Firefly_Base.png using Guid(b431b8047b279b942a22f98c84d0a325) Importer(815301076,1909f56bfc062723c751e8b465ee728b) (PreviewImporter) -> (artifact id: '8564c7b64dd331e7fe12d7c17c2f0a74') in 0.0466262 seconds
Number of updated asset objects reloaded before import = 0Number of asset objects unloaded after import = 2

========================================================================
Received Import Request.
  Time since last request: 0.953514 seconds.
  path: Assets/Kawaii_Tanks_Project (Free)/Meshes/SD_Firefly/Materials/SD_Firefly_Base_AO.png
  artifactKey: Guid(faa1805ffa064674a9f6b14e92a74d15) Importer(815301076,1909f56bfc062723c751e8b465ee728b)
Start importing Assets/Kawaii_Tanks_Project (Free)/Meshes/SD_Firefly/Materials/SD_Firefly_Base_AO.png using Guid(faa1805ffa064674a9f6b14e92a74d15) Importer(815301076,1909f56bfc062723c751e8b465ee728b) (PreviewImporter) -> (artifact id: '3d49f6d48cdeb3084501913fdb0d34db') in 0.0084628 seconds
Number of updated asset objects reloaded before import = 0Number of asset objects unloaded after import = 2

========================================================================
Received Import Request.
  Time since last request: 0.497733 seconds.
  path: Assets/Kawaii_Tanks_Project (Free)/Meshes/SD_Firefly/Materials/SD_Firefly_TrackBelt_AO.png
  artifactKey: Guid(be46e611a58040c478819ceb3d0331c9) Importer(815301076,1909f56bfc062723c751e8b465ee728b)
Start importing Assets/Kawaii_Tanks_Project (Free)/Meshes/SD_Firefly/Materials/SD_Firefly_TrackBelt_AO.png using Guid(be46e611a58040c478819ceb3d0331c9) Importer(815301076,1909f56bfc062723c751e8b465ee728b) (PreviewImporter) -> (artifact id: '0ae1f9f78b1e38b4fc150671cbb7a196') in 0.0078857 seconds
Number of updated asset objects reloaded before import = 0Number of asset objects unloaded after import = 2

========================================================================
Received Import Request.
  Time since last request: 0.662188 seconds.
  path: Assets/Kawaii_Tanks_Project (Free)/Meshes/SD_Firefly/Materials/SD_Firefly_TrackBelt_Mobile.png
  artifactKey: Guid(a10a84a958bbd3b4d9597b0e3705e7b5) Importer(815301076,1909f56bfc062723c751e8b465ee728b)
Start importing Assets/Kawaii_Tanks_Project (Free)/Meshes/SD_Firefly/Materials/SD_Firefly_TrackBelt_Mobile.png using Guid(a10a84a958bbd3b4d9597b0e3705e7b5) Importer(815301076,1909f56bfc062723c751e8b465ee728b) (PreviewImporter) -> (artifact id: 'd11db212a383e22a8b045295423b2eda') in 0.0121183 seconds
Number of updated asset objects reloaded before import = 0Number of asset objects unloaded after import = 2

========================================================================
Received Import Request.
  Time since last request: 0.071416 seconds.
  path: Assets/Kawaii_Tanks_Project (Free)/Meshes/SD_Firefly/Materials/SD_Firefly_Wheel_AO.png
  artifactKey: Guid(e91619f7851575f4bb98d9f9d6550d1f) Importer(815301076,1909f56bfc062723c751e8b465ee728b)
Start importing Assets/Kawaii_Tanks_Project (Free)/Meshes/SD_Firefly/Materials/SD_Firefly_Wheel_AO.png using Guid(e91619f7851575f4bb98d9f9d6550d1f) Importer(815301076,1909f56bfc062723c751e8b465ee728b) (PreviewImporter) -> (artifact id: 'fc00076cb9ae660e031ad70d07b4703f') in 0.0082694 seconds
Number of updated asset objects reloaded before import = 0Number of asset objects unloaded after import = 2

========================================================================
Received Import Request.
  Time since last request: 0.248351 seconds.
  path: Assets/Kawaii_Tanks_Project (Free)/Meshes/SD_Tiger-I/Materials/SD_Tiger-I_Base_AO.png
  artifactKey: Guid(39635cf1579a61246984c11767eaa826) Importer(815301076,1909f56bfc062723c751e8b465ee728b)
Start importing Assets/Kawaii_Tanks_Project (Free)/Meshes/SD_Tiger-I/Materials/SD_Tiger-I_Base_AO.png using Guid(39635cf1579a61246984c11767eaa826) Importer(815301076,1909f56bfc062723c751e8b465ee728b) (PreviewImporter) -> (artifact id: '3eae63242a634dab90848b3f30882924') in 0.0086953 seconds
Number of updated asset objects reloaded before import = 0Number of asset objects unloaded after import = 2

========================================================================
Received Import Request.
  Time since last request: 0.326239 seconds.
  path: Assets/Kawaii_Tanks_Project (Free)/Meshes/SD_Tiger-I/Materials/SD_Tiger-I_TrackBelt_AO.png
  artifactKey: Guid(c1e2eea91ca8da1408af7415f37e1c14) Importer(815301076,1909f56bfc062723c751e8b465ee728b)
Start importing Assets/Kawaii_Tanks_Project (Free)/Meshes/SD_Tiger-I/Materials/SD_Tiger-I_TrackBelt_AO.png using Guid(c1e2eea91ca8da1408af7415f37e1c14) Importer(815301076,1909f56bfc062723c751e8b465ee728b) (PreviewImporter) -> (artifact id: '21e51ddb12e3a9a235e1202cf30d5932') in 0.0080535 seconds
Number of updated asset objects reloaded before import = 0Number of asset objects unloaded after import = 2

========================================================================
Received Import Request.
  Time since last request: 0.316476 seconds.
  path: Assets/Kawaii_Tanks_Project (Free)/Meshes/SD_Tiger-I/Materials/SD_Tiger-I_TrackBelt_Mobile.png
  artifactKey: Guid(338ab2a494a8d674188151188654ef69) Importer(815301076,1909f56bfc062723c751e8b465ee728b)
Start importing Assets/Kawaii_Tanks_Project (Free)/Meshes/SD_Tiger-I/Materials/SD_Tiger-I_TrackBelt_Mobile.png using Guid(338ab2a494a8d674188151188654ef69) Importer(815301076,1909f56bfc062723c751e8b465ee728b) (PreviewImporter) -> (artifact id: '4e06147c09e08a3ba91861f4e6096523') in 0.0070989 seconds
Number of updated asset objects reloaded before import = 0Number of asset objects unloaded after import = 2

========================================================================
Received Import Request.
  Time since last request: 0.022476 seconds.
  path: Assets/Kawaii_Tanks_Project (Free)/Meshes/SD_Tiger-I/Materials/SD_Tiger-I_Wheel_AO.png
  artifactKey: Guid(98d93b825526f724dba0e4bae88c1b4a) Importer(815301076,1909f56bfc062723c751e8b465ee728b)
Start importing Assets/Kawaii_Tanks_Project (Free)/Meshes/SD_Tiger-I/Materials/SD_Tiger-I_Wheel_AO.png using Guid(98d93b825526f724dba0e4bae88c1b4a) Importer(815301076,1909f56bfc062723c751e8b465ee728b) (PreviewImporter) -> (artifact id: 'a516376c913118d1deaf6140fd240ace') in 0.0071403 seconds
Number of updated asset objects reloaded before import = 0Number of asset objects unloaded after import = 2

========================================================================
Received Import Request.
  Time since last request: 2.556560 seconds.
  path: Assets/Kawaii_Tanks_Project (Free)/Meshes/Props/Ground_Tile/Materials/Tex_Sand.png
  artifactKey: Guid(10e007a754dc15347819cd16745a30ed) Importer(815301076,1909f56bfc062723c751e8b465ee728b)
Start importing Assets/Kawaii_Tanks_Project (Free)/Meshes/Props/Ground_Tile/Materials/Tex_Sand.png using Guid(10e007a754dc15347819cd16745a30ed) Importer(815301076,1909f56bfc062723c751e8b465ee728b) (PreviewImporter) -> (artifact id: '8fa436a0351b068481695dc2ff6951b9') in 0.0100758 seconds
Number of updated asset objects reloaded before import = 0Number of asset objects unloaded after import = 2

========================================================================
Received Import Request.
  Time since last request: 0.447020 seconds.
  path: Assets/Kawaii_Tanks_Project (Free)/Meshes/Props/Tree/Materials/Tree_Base.png
  artifactKey: Guid(59c733b9399f6ee4ab68e124469dbd2a) Importer(815301076,1909f56bfc062723c751e8b465ee728b)
Start importing Assets/Kawaii_Tanks_Project (Free)/Meshes/Props/Tree/Materials/Tree_Base.png using Guid(59c733b9399f6ee4ab68e124469dbd2a) Importer(815301076,1909f56bfc062723c751e8b465ee728b) (PreviewImporter) -> (artifact id: '4c66a50300661780bc43d65312bafe97') in 0.0079114 seconds
Number of updated asset objects reloaded before import = 0Number of asset objects unloaded after import = 2

========================================================================
Received Import Request.
  Time since last request: 5.161484 seconds.
  path: Assets/Kawaii_Tanks_Project (Free)/Others/Terrain/NewBrush.brush
  artifactKey: Guid(f75f0554dd01d9549b560437be312900) Importer(815301076,1909f56bfc062723c751e8b465ee728b)
Start importing Assets/Kawaii_Tanks_Project (Free)/Others/Terrain/NewBrush.brush using Guid(f75f0554dd01d9549b560437be312900) Importer(815301076,1909f56bfc062723c751e8b465ee728b) (PreviewImporter) -> (artifact id: '3907efaedf04fb49f4ac63ac2e9ebb56') in 0.0269804 seconds
Number of updated asset objects reloaded before import = 0Number of asset objects unloaded after import = 2

========================================================================
Received Import Request.
  Time since last request: 27.375340 seconds.
  path: Assets/Kawaii_Tanks_Project (Free)/Others/Terrain/NewBrush 1.brush
  artifactKey: Guid(aa6b9a03e175a0149b02a0ee695fb5bc) Importer(815301076,1909f56bfc062723c751e8b465ee728b)
Start importing Assets/Kawaii_Tanks_Project (Free)/Others/Terrain/NewBrush 1.brush using Guid(aa6b9a03e175a0149b02a0ee695fb5bc) Importer(815301076,1909f56bfc062723c751e8b465ee728b) (PreviewImporter) -> (artifact id: 'd575570fefb7319d0880d7fc04626d63') in 0.0078228 seconds
Number of updated asset objects reloaded before import = 0Number of asset objects unloaded after import = 2

========================================================================
Received Import Request.
  Time since last request: 308.021124 seconds.
  path: Assets/Kawaii_Tanks_Project (Free)/Meshes/Props
  artifactKey: Guid(5418ddc2e22220544b26d7fd7201fd25) Importer(815301076,1909f56bfc062723c751e8b465ee728b)
Start importing Assets/Kawaii_Tanks_Project (Free)/Meshes/Props using Guid(5418ddc2e22220544b26d7fd7201fd25) Importer(815301076,1909f56bfc062723c751e8b465ee728b) (PreviewImporter) -> (artifact id: '771d9605a135a5ffac9a455cef53c014') in 0.0004338 seconds
Number of updated asset objects reloaded before import = 0Number of asset objects unloaded after import = 0

========================================================================
Received Import Request.
  Time since last request: 2.377479 seconds.
  path: Assets/Kawaii_Tanks_Project (Free)/Meshes/Props/Tree
  artifactKey: Guid(2ba259e41a312ec439326a157e8f4f4d) Importer(815301076,1909f56bfc062723c751e8b465ee728b)
Start importing Assets/Kawaii_Tanks_Project (Free)/Meshes/Props/Tree using Guid(2ba259e41a312ec439326a157e8f4f4d) Importer(815301076,1909f56bfc062723c751e8b465ee728b) (PreviewImporter) -> (artifact id: '1867d60101a8d8b793335988c3ce2fd1') in 0.0003328 seconds
Number of updated asset objects reloaded before import = 0Number of asset objects unloaded after import = 0

========================================================================
Received Import Request.
  Time since last request: 0.072797 seconds.
  path: Assets/Kawaii_Tanks_Project (Free)/Meshes/Props/Tree/Tree.fbx
  artifactKey: Guid(7898deb5a5176174e8f86fca527fe3fc) Importer(815301076,1909f56bfc062723c751e8b465ee728b)
Start importing Assets/Kawaii_Tanks_Project (Free)/Meshes/Props/Tree/Tree.fbx using Guid(7898deb5a5176174e8f86fca527fe3fc) Importer(815301076,1909f56bfc062723c751e8b465ee728b) (PreviewImporter) -> (artifact id: '48f1dfa943bd2b768b0974497abcaa89') in 0.0575372 seconds
Number of updated asset objects reloaded before import = 0Number of asset objects unloaded after import = 31

========================================================================
Received Prepare
Begin MonoManager ReloadAssembly
- Loaded All Assemblies, in  0.309 seconds
Refreshing native plugins compatible for Editor in 0.58 ms, found 3 plugins.
Native extension for Android target not found
Native extension for UWP target not found
Native extension for WindowsStandalone target not found
Native extension for WebGL target not found
Mono: successfully reloaded assembly
- Finished resetting the current domain, in  0.321 seconds
Domain Reload Profiling: 632ms
	BeginReloadAssembly (109ms)
		ExecutionOrderSort (0ms)
		DisableScriptedObjects (3ms)
		BackupInstance (0ms)
		ReleaseScriptingObjects (0ms)
		CreateAndSetChildDomain (33ms)
	RebuildCommonClasses (19ms)
	RebuildNativeTypeToScriptingClass (7ms)
	initialDomainReloadingComplete (14ms)
	LoadAllAssembliesAndSetupDomain (161ms)
		LoadAssemblies (124ms)
		RebuildTransferFunctionScriptingTraits (0ms)
		AnalyzeDomain (84ms)
			TypeCache.Refresh (3ms)
				TypeCache.ScanAssembly (0ms)
			BuildScriptInfoCaches (75ms)
			ResolveRequiredComponents (3ms)
	FinalizeReload (321ms)
		ReleaseScriptCaches (0ms)
		RebuildScriptCaches (0ms)
		SetupLoadedEditorAssemblies (250ms)
			LogAssemblyErrors (0ms)
			InitializePlatformSupportModulesInManaged (7ms)
			SetLoadedEditorAssemblies (2ms)
			BeforeProcessingInitializeOnLoad (39ms)
			ProcessInitializeOnLoadAttributes (185ms)
			ProcessInitializeOnLoadMethodAttributes (16ms)
			AfterProcessingInitializeOnLoad (1ms)
			EditorAssembliesLoaded (0ms)
		ExecutionOrderSort2 (0ms)
		AwakeInstancesAfterBackupRestoration (3ms)
Refreshing native plugins compatible for Editor in 0.64 ms, found 3 plugins.
Preloading 0 native plugins for Editor in 0.00 ms.
Unloading 0 Unused Serialized files (Serialized files now loaded: 0)
Unloading 3826 unused Assets / (0.8 MB). Loaded Objects now: 4356.
Memory consumption went from 98.0 MB to 97.2 MB.
Total: 3.684000 ms (FindLiveObjects: 0.384200 ms CreateObjectMapping: 0.220100 ms MarkObjects: 2.508500 ms  DeleteObjects: 0.570400 ms)

Prepare: number of updated asset objects reloaded= 0
========================================================================
Received Prepare
Begin MonoManager ReloadAssembly
- Loaded All Assemblies, in  0.306 seconds
Refreshing native plugins compatible for Editor in 0.40 ms, found 3 plugins.
Native extension for Android target not found
Native extension for UWP target not found
Native extension for WindowsStandalone target not found
Native extension for WebGL target not found
Mono: successfully reloaded assembly
- Finished resetting the current domain, in  0.339 seconds
Domain Reload Profiling: 646ms
	BeginReloadAssembly (106ms)
		ExecutionOrderSort (0ms)
		DisableScriptedObjects (3ms)
		BackupInstance (0ms)
		ReleaseScriptingObjects (0ms)
		CreateAndSetChildDomain (29ms)
	RebuildCommonClasses (21ms)
	RebuildNativeTypeToScriptingClass (7ms)
	initialDomainReloadingComplete (12ms)
	LoadAllAssembliesAndSetupDomain (161ms)
		LoadAssemblies (131ms)
		RebuildTransferFunctionScriptingTraits (0ms)
		AnalyzeDomain (81ms)
			TypeCache.Refresh (3ms)
				TypeCache.ScanAssembly (0ms)
			BuildScriptInfoCaches (71ms)
			ResolveRequiredComponents (4ms)
	FinalizeReload (339ms)
		ReleaseScriptCaches (0ms)
		RebuildScriptCaches (0ms)
		SetupLoadedEditorAssemblies (257ms)
			LogAssemblyErrors (0ms)
			InitializePlatformSupportModulesInManaged (8ms)
			SetLoadedEditorAssemblies (2ms)
			BeforeProcessingInitializeOnLoad (46ms)
			ProcessInitializeOnLoadAttributes (184ms)
			ProcessInitializeOnLoadMethodAttributes (15ms)
			AfterProcessingInitializeOnLoad (1ms)
			EditorAssembliesLoaded (0ms)
		ExecutionOrderSort2 (0ms)
		AwakeInstancesAfterBackupRestoration (4ms)
Refreshing native plugins compatible for Editor in 0.59 ms, found 3 plugins.
Preloading 0 native plugins for Editor in 0.00 ms.
Unloading 0 Unused Serialized files (Serialized files now loaded: 0)
Unloading 3826 unused Assets / (0.8 MB). Loaded Objects now: 4356.
Memory consumption went from 98.0 MB to 97.2 MB.
Total: 4.063600 ms (FindLiveObjects: 0.319500 ms CreateObjectMapping: 0.119100 ms MarkObjects: 2.765500 ms  DeleteObjects: 0.858600 ms)

Prepare: number of updated asset objects reloaded= 0
========================================================================
Received Prepare
Begin MonoManager ReloadAssembly
- Loaded All Assemblies, in  0.301 seconds
Refreshing native plugins compatible for Editor in 0.49 ms, found 3 plugins.
Native extension for Android target not found
Native extension for UWP target not found
Native extension for WindowsStandalone target not found
Native extension for WebGL target not found
Mono: successfully reloaded assembly
- Finished resetting the current domain, in  0.314 seconds
Domain Reload Profiling: 616ms
	BeginReloadAssembly (107ms)
		ExecutionOrderSort (0ms)
		DisableScriptedObjects (3ms)
		BackupInstance (0ms)
		ReleaseScriptingObjects (0ms)
		CreateAndSetChildDomain (29ms)
	RebuildCommonClasses (20ms)
	RebuildNativeTypeToScriptingClass (7ms)
	initialDomainReloadingComplete (11ms)
	LoadAllAssembliesAndSetupDomain (158ms)
		LoadAssemblies (129ms)
		RebuildTransferFunctionScriptingTraits (0ms)
		AnalyzeDomain (80ms)
			TypeCache.Refresh (3ms)
				TypeCache.ScanAssembly (0ms)
			BuildScriptInfoCaches (71ms)
			ResolveRequiredComponents (3ms)
	FinalizeReload (314ms)
		ReleaseScriptCaches (0ms)
		RebuildScriptCaches (0ms)
		SetupLoadedEditorAssemblies (235ms)
			LogAssemblyErrors (0ms)
			InitializePlatformSupportModulesInManaged (7ms)
			SetLoadedEditorAssemblies (2ms)
			BeforeProcessingInitializeOnLoad (40ms)
			ProcessInitializeOnLoadAttributes (172ms)
			ProcessInitializeOnLoadMethodAttributes (12ms)
			AfterProcessingInitializeOnLoad (2ms)
			EditorAssembliesLoaded (0ms)
		ExecutionOrderSort2 (0ms)
		AwakeInstancesAfterBackupRestoration (4ms)
Refreshing native plugins compatible for Editor in 0.74 ms, found 3 plugins.
Preloading 0 native plugins for Editor in 0.00 ms.
Unloading 0 Unused Serialized files (Serialized files now loaded: 0)
Unloading 3826 unused Assets / (0.8 MB). Loaded Objects now: 4356.
Memory consumption went from 98.0 MB to 97.2 MB.
Total: 3.765000 ms (FindLiveObjects: 0.310700 ms CreateObjectMapping: 0.081200 ms MarkObjects: 2.832400 ms  DeleteObjects: 0.539900 ms)

Prepare: number of updated asset objects reloaded= 0
========================================================================
Received Prepare
Begin MonoManager ReloadAssembly
- Loaded All Assemblies, in  0.308 seconds
Refreshing native plugins compatible for Editor in 0.40 ms, found 3 plugins.
Native extension for Android target not found
Native extension for UWP target not found
Native extension for WindowsStandalone target not found
Native extension for WebGL target not found
Mono: successfully reloaded assembly
- Finished resetting the current domain, in  0.353 seconds
Domain Reload Profiling: 662ms
	BeginReloadAssembly (108ms)
		ExecutionOrderSort (0ms)
		DisableScriptedObjects (3ms)
		BackupInstance (0ms)
		ReleaseScriptingObjects (0ms)
		CreateAndSetChildDomain (29ms)
	RebuildCommonClasses (19ms)
	RebuildNativeTypeToScriptingClass (7ms)
	initialDomainReloadingComplete (14ms)
	LoadAllAssembliesAndSetupDomain (161ms)
		LoadAssemblies (127ms)
		RebuildTransferFunctionScriptingTraits (0ms)
		AnalyzeDomain (86ms)
			TypeCache.Refresh (3ms)
				TypeCache.ScanAssembly (0ms)
			BuildScriptInfoCaches (77ms)
			ResolveRequiredComponents (3ms)
	FinalizeReload (353ms)
		ReleaseScriptCaches (0ms)
		RebuildScriptCaches (0ms)
		SetupLoadedEditorAssemblies (267ms)
			LogAssemblyErrors (0ms)
			InitializePlatformSupportModulesInManaged (7ms)
			SetLoadedEditorAssemblies (2ms)
			BeforeProcessingInitializeOnLoad (47ms)
			ProcessInitializeOnLoadAttributes (194ms)
			ProcessInitializeOnLoadMethodAttributes (16ms)
			AfterProcessingInitializeOnLoad (1ms)
			EditorAssembliesLoaded (0ms)
		ExecutionOrderSort2 (0ms)
		AwakeInstancesAfterBackupRestoration (4ms)
Refreshing native plugins compatible for Editor in 0.44 ms, found 3 plugins.
Preloading 0 native plugins for Editor in 0.00 ms.
Unloading 0 Unused Serialized files (Serialized files now loaded: 0)
Unloading 3826 unused Assets / (0.8 MB). Loaded Objects now: 4356.
Memory consumption went from 98.0 MB to 97.2 MB.
Total: 3.666800 ms (FindLiveObjects: 0.324200 ms CreateObjectMapping: 0.082800 ms MarkObjects: 2.601100 ms  DeleteObjects: 0.658100 ms)

Prepare: number of updated asset objects reloaded= 0
========================================================================
Received Import Request.
  Time since last request: 680.188361 seconds.
  path: Assets/Kawaii_Tanks_Project (Free)/Meshes/Props/Tree/Tree.fbx
  artifactKey: Guid(7898deb5a5176174e8f86fca527fe3fc) Importer(815301076,1909f56bfc062723c751e8b465ee728b)
Start importing Assets/Kawaii_Tanks_Project (Free)/Meshes/Props/Tree/Tree.fbx using Guid(7898deb5a5176174e8f86fca527fe3fc) Importer(815301076,1909f56bfc062723c751e8b465ee728b) (PreviewImporter) -> (artifact id: '6e7724e1f8e3935b2ebda5d165fbeefc') in 0.1193171 seconds
Number of updated asset objects reloaded before import = 0Number of asset objects unloaded after import = 31

========================================================================
Received Import Request.
  Time since last request: 29.175598 seconds.
  path: Assets/Kawaii_Tanks_Project (Free)/Meshes/Props/Tree/Tree.fbx
  artifactKey: Guid(7898deb5a5176174e8f86fca527fe3fc) Importer(815301076,1909f56bfc062723c751e8b465ee728b)
Start importing Assets/Kawaii_Tanks_Project (Free)/Meshes/Props/Tree/Tree.fbx using Guid(7898deb5a5176174e8f86fca527fe3fc) Importer(815301076,1909f56bfc062723c751e8b465ee728b) (PreviewImporter) -> (artifact id: '8e23d844a62a1c3bba52636cf9dbd0e4') in 0.0263307 seconds
Number of updated asset objects reloaded before import = 0Number of asset objects unloaded after import = 31

========================================================================
Received Prepare
Begin MonoManager ReloadAssembly
- Loaded All Assemblies, in  0.298 seconds
Refreshing native plugins compatible for Editor in 0.37 ms, found 3 plugins.
Native extension for Android target not found
Native extension for UWP target not found
Native extension for WindowsStandalone target not found
Native extension for WebGL target not found
Mono: successfully reloaded assembly
- Finished resetting the current domain, in  0.313 seconds
Domain Reload Profiling: 612ms
	BeginReloadAssembly (111ms)
		ExecutionOrderSort (0ms)
		DisableScriptedObjects (3ms)
		BackupInstance (0ms)
		ReleaseScriptingObjects (0ms)
		CreateAndSetChildDomain (29ms)
	RebuildCommonClasses (19ms)
	RebuildNativeTypeToScriptingClass (7ms)
	initialDomainReloadingComplete (11ms)
	LoadAllAssembliesAndSetupDomain (151ms)
		LoadAssemblies (122ms)
		RebuildTransferFunctionScriptingTraits (0ms)
		AnalyzeDomain (78ms)
			TypeCache.Refresh (3ms)
				TypeCache.ScanAssembly (0ms)
			BuildScriptInfoCaches (70ms)
			ResolveRequiredComponents (3ms)
	FinalizeReload (313ms)
		ReleaseScriptCaches (0ms)
		RebuildScriptCaches (0ms)
		SetupLoadedEditorAssemblies (243ms)
			LogAssemblyErrors (0ms)
			InitializePlatformSupportModulesInManaged (6ms)
			SetLoadedEditorAssemblies (1ms)
			BeforeProcessingInitializeOnLoad (39ms)
			ProcessInitializeOnLoadAttributes (180ms)
			ProcessInitializeOnLoadMethodAttributes (15ms)
			AfterProcessingInitializeOnLoad (1ms)
			EditorAssembliesLoaded (0ms)
		ExecutionOrderSort2 (0ms)
		AwakeInstancesAfterBackupRestoration (4ms)
Refreshing native plugins compatible for Editor in 0.86 ms, found 3 plugins.
Preloading 0 native plugins for Editor in 0.00 ms.
Unloading 0 Unused Serialized files (Serialized files now loaded: 0)
Unloading 3826 unused Assets / (0.7 MB). Loaded Objects now: 4358.
Memory consumption went from 98.1 MB to 97.4 MB.
Total: 4.159800 ms (FindLiveObjects: 0.390300 ms CreateObjectMapping: 0.133000 ms MarkObjects: 3.036000 ms  DeleteObjects: 0.599400 ms)

Prepare: number of updated asset objects reloaded= 0
========================================================================
Received Prepare
Begin MonoManager ReloadAssembly
- Loaded All Assemblies, in  0.316 seconds
Refreshing native plugins compatible for Editor in 0.49 ms, found 3 plugins.
Native extension for Android target not found
Native extension for UWP target not found
Native extension for WindowsStandalone target not found
Native extension for WebGL target not found
Mono: successfully reloaded assembly
- Finished resetting the current domain, in  0.345 seconds
Domain Reload Profiling: 663ms
	BeginReloadAssembly (110ms)
		ExecutionOrderSort (0ms)
		DisableScriptedObjects (4ms)
		BackupInstance (0ms)
		ReleaseScriptingObjects (0ms)
		CreateAndSetChildDomain (28ms)
	RebuildCommonClasses (20ms)
	RebuildNativeTypeToScriptingClass (8ms)
	initialDomainReloadingComplete (13ms)
	LoadAllAssembliesAndSetupDomain (166ms)
		LoadAssemblies (136ms)
		RebuildTransferFunctionScriptingTraits (0ms)
		AnalyzeDomain (84ms)
			TypeCache.Refresh (3ms)
				TypeCache.ScanAssembly (0ms)
			BuildScriptInfoCaches (75ms)
			ResolveRequiredComponents (3ms)
	FinalizeReload (345ms)
		ReleaseScriptCaches (0ms)
		RebuildScriptCaches (0ms)
		SetupLoadedEditorAssemblies (262ms)
			LogAssemblyErrors (0ms)
			InitializePlatformSupportModulesInManaged (9ms)
			SetLoadedEditorAssemblies (2ms)
			BeforeProcessingInitializeOnLoad (45ms)
			ProcessInitializeOnLoadAttributes (190ms)
			ProcessInitializeOnLoadMethodAttributes (15ms)
			AfterProcessingInitializeOnLoad (1ms)
			EditorAssembliesLoaded (0ms)
		ExecutionOrderSort2 (0ms)
		AwakeInstancesAfterBackupRestoration (4ms)
Refreshing native plugins compatible for Editor in 0.54 ms, found 3 plugins.
Preloading 0 native plugins for Editor in 0.00 ms.
Unloading 0 Unused Serialized files (Serialized files now loaded: 0)
Unloading 3826 unused Assets / (1.0 MB). Loaded Objects now: 4358.
Memory consumption went from 98.1 MB to 97.1 MB.
Total: 4.074200 ms (FindLiveObjects: 0.365600 ms CreateObjectMapping: 0.080900 ms MarkObjects: 2.879900 ms  DeleteObjects: 0.746700 ms)

Prepare: number of updated asset objects reloaded= 0
